<?xml version="1.0" encoding="UTF-8"?>
<testng-results skipped="0" failed="0" total="1" passed="1">
  <reporter-output>
  </reporter-output>
  <suite name="Suite" duration-ms="15" started-at="2019-03-18T01:33:26Z" finished-at="2019-03-18T01:33:26Z">
    <groups>
    </groups>
    <test name="Test" duration-ms="15" started-at="2019-03-18T01:33:26Z" finished-at="2019-03-18T01:33:26Z">
      <class name="openbaidu.NewTest">
        <test-method status="PASS" signature="f()[pri:0, instance:openbaidu.NewTest@b065c63]" name="f" duration-ms="5" started-at="2019-03-18T09:33:26Z" finished-at="2019-03-18T09:33:26Z">
          <reporter-output>
          </reporter-output>
        </test-method> <!-- f -->
      </class> <!-- openbaidu.NewTest -->
    </test> <!-- Test -->
  </suite> <!-- Suite -->
</testng-results>
